<?xml version="1.0" encoding="UTF-8"?>
<!-- Generated by org.testng.reporters.JUnitXMLReporter -->
<testsuite ignored="0" hostname="BCP-ATLT1736" failures="0" tests="15" name="Test" time="0.138" errors="0" timestamp="2022-09-03T10:20:55 IST">
  <testcase classname="com.loan.terstcases.CarLoan" name="apiCarLoan" time="0.017"/>
  <testcase classname="com.loan.terstcases.CarLoan" name="mobilePageCarLoan" time="0.002"/>
  <testcase classname="com.loan.terstcases.CarLoan" name="webPageCarLoan" time="0.002"/>
  <testcase classname="com.loan.terstcases.EducationLoan" name="apiEducationLoan" time="0.002"/>
  <testcase classname="com.loan.terstcases.EducationLoan" name="mobilePageEducationLoan" time="0.001"/>
  <testcase classname="com.loan.terstcases.EducationLoan" name="webPageEducationLoan" time="0.001"/>
  <testcase classname="com.loan.terstcases.PropertyLoan" name="apiPropertyLoan" time="0.001"/>
  <testcase classname="com.loan.terstcases.PropertyLoan" name="mobilePagePropertyLoan" time="0.001"/>
  <testcase classname="com.loan.terstcases.PropertyLoan" name="webPagePropertyLoan" time="0.001"/>
  <testcase classname="com.loan.terstcases.PersonalLoan" name="apiPersonalLoan" time="0.002"/>
  <testcase classname="com.loan.terstcases.PersonalLoan" name="mobilePagePersonalLoan" time="0.001"/>
  <testcase classname="com.loan.terstcases.PersonalLoan" name="webPagePersonalLoan" time="0.001"/>
  <testcase classname="com.loan.terstcases.HomeLoan" name="apiHomeLoan" time="0.003"/>
  <testcase classname="com.loan.terstcases.HomeLoan" name="mobilePageHomeLoan" time="0.001"/>
  <testcase classname="com.loan.terstcases.HomeLoan" name="webPageHomeLoan" time="0.002"/>
</testsuite> <!-- Test -->
