<?xml version="1.0" encoding="UTF-8"?>
<testng-results ignored="4" total="17" passed="12" failed="1" skipped="0">
  <reporter-output>
  </reporter-output>
  <suite started-at="2022-09-12T14:21:34 IST" name="Loan" finished-at="2022-09-12T14:21:34 IST" duration-ms="243">
    <groups>
    </groups>
    <test started-at="2022-09-12T14:21:34 IST" name="Car Loan" finished-at="2022-09-12T14:21:34 IST" duration-ms="92">
      <class name="com.loan.terstcases.EducationLoan">
        <test-method signature="apiEducationLoan()[pri:0, instance:com.loan.terstcases.EducationLoan@d29f28]" started-at="2022-09-12T14:21:34 IST" name="apiEducationLoan" finished-at="2022-09-12T14:21:34 IST" duration-ms="2" status="PASS">
          <reporter-output>
          </reporter-output>
        </test-method> <!-- apiEducationLoan -->
        <test-method signature="mobilePageEducationLoan()[pri:0, instance:com.loan.terstcases.EducationLoan@d29f28]" started-at="2022-09-12T14:21:34 IST" name="mobilePageEducationLoan" finished-at="2022-09-12T14:21:34 IST" duration-ms="2" status="PASS">
          <reporter-output>
          </reporter-output>
        </test-method> <!-- mobilePageEducationLoan -->
      </class> <!-- com.loan.terstcases.EducationLoan -->
      <class name="com.loan.terstcases.HomeLoan">
        <test-method signature="apiHomeLoan()[pri:0, instance:com.loan.terstcases.HomeLoan@446293d]" started-at="2022-09-12T14:21:34 IST" name="apiHomeLoan" finished-at="2022-09-12T14:21:34 IST" duration-ms="1" status="PASS">
          <reporter-output>
          </reporter-output>
        </test-method> <!-- apiHomeLoan -->
        <test-method signature="zTest()[pri:0, instance:com.loan.terstcases.HomeLoan@446293d]" started-at="2022-09-12T14:21:34 IST" name="zTest" finished-at="2022-09-12T14:21:34 IST" duration-ms="1" status="PASS">
          <reporter-output>
          </reporter-output>
        </test-method> <!-- zTest -->
        <test-method signature="mobilePageHomeLoan()[pri:0, instance:com.loan.terstcases.HomeLoan@446293d]" started-at="2022-09-12T14:21:34 IST" name="mobilePageHomeLoan" finished-at="2022-09-12T14:21:34 IST" duration-ms="2" status="PASS">
          <reporter-output>
          </reporter-output>
        </test-method> <!-- mobilePageHomeLoan -->
        <test-method signature="yTest()[pri:0, instance:com.loan.terstcases.HomeLoan@446293d]" started-at="2022-09-12T14:21:34 IST" name="yTest" finished-at="2022-09-12T14:21:34 IST" depends-on-methods="com.loan.terstcases.HomeLoan.zTest" duration-ms="3" status="PASS">
          <reporter-output>
          </reporter-output>
        </test-method> <!-- yTest -->
      </class> <!-- com.loan.terstcases.HomeLoan -->
      <class name="com.loan.terstcases.CarLoan">
        <test-method is-config="true" signature="beforetest()[pri:0, instance:com.loan.terstcases.CarLoan@6c130c45]" started-at="2022-09-12T14:21:34 IST" name="beforetest" finished-at="2022-09-12T14:21:34 IST" duration-ms="0" status="PASS">
          <reporter-output>
          </reporter-output>
        </test-method> <!-- beforetest -->
        <test-method is-config="true" signature="beforemethod()[pri:0, instance:com.loan.terstcases.CarLoan@6c130c45]" started-at="2022-09-12T14:21:34 IST" name="beforemethod" finished-at="2022-09-12T14:21:34 IST" duration-ms="0" status="PASS">
          <reporter-output>
          </reporter-output>
        </test-method> <!-- beforemethod -->
        <test-method signature="apiCarLoan()[pri:0, instance:com.loan.terstcases.CarLoan@6c130c45]" started-at="2022-09-12T14:21:34 IST" name="apiCarLoan" finished-at="2022-09-12T14:21:34 IST" duration-ms="6" status="PASS">
          <reporter-output>
          </reporter-output>
        </test-method> <!-- apiCarLoan -->
        <test-method is-config="true" signature="aftermethod()[pri:0, instance:com.loan.terstcases.CarLoan@6c130c45]" started-at="2022-09-12T14:21:34 IST" name="aftermethod" finished-at="2022-09-12T14:21:34 IST" duration-ms="0" status="PASS">
          <reporter-output>
          </reporter-output>
        </test-method> <!-- aftermethod -->
        <test-method signature="mobilePageCarLoan()[pri:0, instance:com.loan.terstcases.CarLoan@6c130c45]" started-at="2022-09-12T14:21:34 IST" name="mobilePageCarLoan" finished-at="2022-09-12T14:21:34 IST" duration-ms="2" status="PASS">
          <reporter-output>
          </reporter-output>
        </test-method> <!-- mobilePageCarLoan -->
        <test-method is-config="true" signature="beforemethod()[pri:0, instance:com.loan.terstcases.CarLoan@6c130c45]" started-at="2022-09-12T14:21:34 IST" name="beforemethod" finished-at="2022-09-12T14:21:34 IST" duration-ms="0" status="PASS">
          <reporter-output>
          </reporter-output>
        </test-method> <!-- beforemethod -->
        <test-method is-config="true" signature="aftermethod()[pri:0, instance:com.loan.terstcases.CarLoan@6c130c45]" started-at="2022-09-12T14:21:34 IST" name="aftermethod" finished-at="2022-09-12T14:21:34 IST" duration-ms="1" status="PASS">
          <reporter-output>
          </reporter-output>
        </test-method> <!-- aftermethod -->
        <test-method is-config="true" signature="beforemethod()[pri:0, instance:com.loan.terstcases.CarLoan@6c130c45]" started-at="2022-09-12T14:21:34 IST" name="beforemethod" finished-at="2022-09-12T14:21:34 IST" duration-ms="0" status="PASS">
          <reporter-output>
          </reporter-output>
        </test-method> <!-- beforemethod -->
        <test-method signature="webPageCarLoan()[pri:0, instance:com.loan.terstcases.CarLoan@6c130c45]" started-at="2022-09-12T14:21:34 IST" name="webPageCarLoan" finished-at="2022-09-12T14:21:34 IST" duration-ms="1" status="PASS">
          <reporter-output>
          </reporter-output>
        </test-method> <!-- webPageCarLoan -->
        <test-method is-config="true" signature="aftermethod()[pri:0, instance:com.loan.terstcases.CarLoan@6c130c45]" started-at="2022-09-12T14:21:34 IST" name="aftermethod" finished-at="2022-09-12T14:21:34 IST" duration-ms="0" status="PASS">
          <reporter-output>
          </reporter-output>
        </test-method> <!-- aftermethod -->
        <test-method is-config="true" signature="aftertest()[pri:0, instance:com.loan.terstcases.CarLoan@6c130c45]" started-at="2022-09-12T14:21:34 IST" name="aftertest" finished-at="2022-09-12T14:21:34 IST" duration-ms="1" status="PASS">
          <reporter-output>
          </reporter-output>
        </test-method> <!-- aftertest -->
      </class> <!-- com.loan.terstcases.CarLoan -->
    </test> <!-- Car Loan -->
    <test started-at="2022-09-12T14:21:34 IST" name="Personal Loan" finished-at="2022-09-12T14:21:34 IST" duration-ms="18">
      <class name="com.loan.terstcases.CarLoan">
        <test-method is-config="true" signature="beforesuite()[pri:0, instance:com.loan.terstcases.CarLoan@6c130c45]" started-at="2022-09-12T14:21:34 IST" name="beforesuite" finished-at="2022-09-12T14:21:34 IST" duration-ms="11" status="PASS">
          <reporter-output>
          </reporter-output>
        </test-method> <!-- beforesuite -->
        <test-method is-config="true" signature="aftersuite()[pri:0, instance:com.loan.terstcases.CarLoan@6c130c45]" started-at="2022-09-12T14:21:34 IST" name="aftersuite" finished-at="2022-09-12T14:21:34 IST" duration-ms="0" status="PASS">
          <reporter-output>
          </reporter-output>
        </test-method> <!-- aftersuite -->
      </class> <!-- com.loan.terstcases.CarLoan -->
      <class name="com.loan.terstcases.PropertyLoan">
        <test-method signature="apiPropertyLoan()[pri:0, instance:com.loan.terstcases.PropertyLoan@3b6ddd1d]" started-at="2022-09-12T14:21:34 IST" name="apiPropertyLoan" finished-at="2022-09-12T14:21:34 IST" duration-ms="1" status="PASS">
          <reporter-output>
          </reporter-output>
        </test-method> <!-- apiPropertyLoan -->
        <test-method signature="mobilePagePropertyLoan()[pri:0, instance:com.loan.terstcases.PropertyLoan@3b6ddd1d]" started-at="2022-09-12T14:21:34 IST" name="mobilePagePropertyLoan" finished-at="2022-09-12T14:21:34 IST" duration-ms="1" status="PASS">
          <reporter-output>
          </reporter-output>
        </test-method> <!-- mobilePagePropertyLoan -->
      </class> <!-- com.loan.terstcases.PropertyLoan -->
      <class name="com.loan.terstcases.PersonalLoan">
        <test-method signature="apiPersonalLoan()[pri:0, instance:com.loan.terstcases.PersonalLoan@3f6b0be5]" started-at="2022-09-12T14:21:34 IST" name="apiPersonalLoan" finished-at="2022-09-12T14:21:34 IST" duration-ms="2" status="PASS">
          <reporter-output>
          </reporter-output>
        </test-method> <!-- apiPersonalLoan -->
        <test-method signature="mobilePagePersonalLoan(java.lang.String)[pri:0, instance:com.loan.terstcases.PersonalLoan@3f6b0be5]" started-at="2022-09-12T14:21:34 IST" name="mobilePagePersonalLoan" finished-at="2022-09-12T14:21:34 IST" duration-ms="0" status="FAIL">
          <exception class="org.testng.TestNGException">
            <message>
              <![CDATA[
Parameter 'URL' is required by @Test on method mobilePagePersonalLoan but has not been marked @Optional or defined
in D:\trainingWorkspace\TestNGDemo\testng2.xml]]>
            </message>
            <full-stacktrace>
              <![CDATA[org.testng.TestNGException: 
Parameter 'URL' is required by @Test on method mobilePagePersonalLoan but has not been marked @Optional or defined
in D:\trainingWorkspace\TestNGDemo\testng2.xml
at org.testng.internal.Parameters.createParams(Parameters.java:270)
at org.testng.internal.Parameters.createParametersForMethod(Parameters.java:358)
at org.testng.internal.Parameters.createParameters(Parameters.java:700)
at org.testng.internal.Parameters.handleParameters(Parameters.java:884)
at org.testng.internal.Parameters.handleParameters(Parameters.java:740)
at org.testng.internal.ParameterHandler.handleParameters(ParameterHandler.java:59)
at org.testng.internal.ParameterHandler.createParameters(ParameterHandler.java:38)
at org.testng.internal.TestInvoker$MethodInvocationAgent.invoke(TestInvoker.java:791)
at org.testng.internal.TestInvoker.invokeTestMethods(TestInvoker.java:146)
at org.testng.internal.TestMethodWorker.invokeTestMethods(TestMethodWorker.java:146)
at org.testng.internal.TestMethodWorker.run(TestMethodWorker.java:128)
at java.base/java.util.ArrayList.forEach(ArrayList.java:1511)
at org.testng.TestRunner.privateRun(TestRunner.java:794)
at org.testng.TestRunner.run(TestRunner.java:596)
at org.testng.SuiteRunner.runTest(SuiteRunner.java:377)
at org.testng.SuiteRunner.runSequentially(SuiteRunner.java:371)
at org.testng.SuiteRunner.privateRun(SuiteRunner.java:332)
at org.testng.SuiteRunner.run(SuiteRunner.java:276)
at org.testng.SuiteRunnerWorker.runSuite(SuiteRunnerWorker.java:53)
at org.testng.SuiteRunnerWorker.run(SuiteRunnerWorker.java:96)
at org.testng.TestNG.runSuitesSequentially(TestNG.java:1212)
at org.testng.TestNG.runSuitesLocally(TestNG.java:1134)
at org.testng.TestNG.runSuites(TestNG.java:1063)
at org.testng.TestNG.run(TestNG.java:1031)
at org.testng.remote.AbstractRemoteTestNG.run(AbstractRemoteTestNG.java:115)
at org.testng.remote.RemoteTestNG.initAndRun(RemoteTestNG.java:251)
at org.testng.remote.RemoteTestNG.main(RemoteTestNG.java:77)
]]>
            </full-stacktrace>
          </exception> <!-- org.testng.TestNGException -->
          <reporter-output>
          </reporter-output>
        </test-method> <!-- mobilePagePersonalLoan -->
      </class> <!-- com.loan.terstcases.PersonalLoan -->
    </test> <!-- Personal Loan -->
  </suite> <!-- Loan -->
</testng-results>
