<?xml version="1.0" encoding="UTF-8"?>
<!-- Generated by org.testng.reporters.JUnitXMLReporter -->
<testsuite ignored="2" hostname="BCP-ATLT1736" failures="0" tests="9" name="Car Loan" time="0.092" errors="0" timestamp="2022-09-12T14:21:34 IST">
  <testcase classname="com.loan.terstcases.CarLoan" name="apiCarLoan" time="0.006"/>
  <testcase classname="com.loan.terstcases.CarLoan" name="mobilePageCarLoan" time="0.002"/>
  <testcase classname="com.loan.terstcases.CarLoan" name="webPageCarLoan" time="0.001"/>
  <testcase classname="com.loan.terstcases.EducationLoan" name="apiEducationLoan" time="0.002"/>
  <testcase classname="com.loan.terstcases.EducationLoan" name="mobilePageEducationLoan" time="0.002"/>
  <testcase classname="com.loan.terstcases.HomeLoan" name="apiHomeLoan" time="0.001"/>
  <testcase classname="com.loan.terstcases.HomeLoan" name="zTest" time="0.001"/>
  <testcase classname="com.loan.terstcases.HomeLoan" name="mobilePageHomeLoan" time="0.002"/>
  <testcase classname="com.loan.terstcases.HomeLoan" name="yTest" time="0.003"/>
  <testcase classname="com.loan.terstcases.EducationLoan" name="webPageEducationLoan" time="0.0">
    <ignored/>
  </testcase> <!-- webPageEducationLoan -->
  <testcase classname="com.loan.terstcases.HomeLoan" name="webPageHomeLoan" time="0.0">
    <ignored/>
  </testcase> <!-- webPageHomeLoan -->
</testsuite> <!-- Car Loan -->
